
lab3or.elf:     file format elf32-avr

Sections:
Idx Name          Size      VMA       LMA       File off  Algn
  0 .data         00000012  00800100  00000486  0000051a  2**0
                  CONTENTS, ALLOC, LOAD, DATA
  1 .text         00000486  00000000  00000000  00000094  2**1
                  CONTENTS, ALLOC, LOAD, READONLY, CODE
  2 .bss          00000007  00800112  00800112  0000052c  2**0
                  ALLOC
  3 .stab         00000e28  00000000  00000000  0000052c  2**2
                  CONTENTS, READONLY, DEBUGGING
  4 .stabstr      0000103b  00000000  00000000  00001354  2**0
                  CONTENTS, READONLY, DEBUGGING
  5 .comment      00000011  00000000  00000000  0000238f  2**0
                  CONTENTS, READONLY
  6 .note.gnu.avr.deviceinfo 0000003c  00000000  00000000  000023a0  2**2
                  CONTENTS, READONLY
  7 .debug_info   00000780  00000000  00000000  000023dc  2**0
                  CONTENTS, READONLY, DEBUGGING
  8 .debug_abbrev 00000718  00000000  00000000  00002b5c  2**0
                  CONTENTS, READONLY, DEBUGGING
  9 .debug_line   0000001a  00000000  00000000  00003274  2**0
                  CONTENTS, READONLY, DEBUGGING
 10 .debug_str    0000027d  00000000  00000000  0000328e  2**0
                  CONTENTS, READONLY, DEBUGGING

Disassembly of section .text:

00000000 <__vectors>:
   0:	0c 94 46 00 	jmp	0x8c	; 0x8c <__ctors_end>
   4:	0c 94 65 00 	jmp	0xca	; 0xca <__bad_interrupt>
   8:	0c 94 65 00 	jmp	0xca	; 0xca <__bad_interrupt>
   c:	0c 94 65 00 	jmp	0xca	; 0xca <__bad_interrupt>
  10:	0c 94 65 00 	jmp	0xca	; 0xca <__bad_interrupt>
  14:	0c 94 65 00 	jmp	0xca	; 0xca <__bad_interrupt>
  18:	0c 94 65 00 	jmp	0xca	; 0xca <__bad_interrupt>
  1c:	0c 94 65 00 	jmp	0xca	; 0xca <__bad_interrupt>
  20:	0c 94 65 00 	jmp	0xca	; 0xca <__bad_interrupt>
  24:	0c 94 65 00 	jmp	0xca	; 0xca <__bad_interrupt>
  28:	0c 94 65 00 	jmp	0xca	; 0xca <__bad_interrupt>
  2c:	0c 94 65 00 	jmp	0xca	; 0xca <__bad_interrupt>
  30:	0c 94 65 00 	jmp	0xca	; 0xca <__bad_interrupt>
  34:	0c 94 65 00 	jmp	0xca	; 0xca <__bad_interrupt>
  38:	0c 94 65 00 	jmp	0xca	; 0xca <__bad_interrupt>
  3c:	0c 94 65 00 	jmp	0xca	; 0xca <__bad_interrupt>
  40:	0c 94 67 00 	jmp	0xce	; 0xce <__vector_16>
  44:	0c 94 65 00 	jmp	0xca	; 0xca <__bad_interrupt>
  48:	0c 94 65 00 	jmp	0xca	; 0xca <__bad_interrupt>
  4c:	0c 94 65 00 	jmp	0xca	; 0xca <__bad_interrupt>
  50:	0c 94 65 00 	jmp	0xca	; 0xca <__bad_interrupt>
  54:	0c 94 65 00 	jmp	0xca	; 0xca <__bad_interrupt>
  58:	0c 94 65 00 	jmp	0xca	; 0xca <__bad_interrupt>
  5c:	0c 94 65 00 	jmp	0xca	; 0xca <__bad_interrupt>
  60:	0c 94 65 00 	jmp	0xca	; 0xca <__bad_interrupt>
  64:	0c 94 65 00 	jmp	0xca	; 0xca <__bad_interrupt>
  68:	0c 94 65 00 	jmp	0xca	; 0xca <__bad_interrupt>
  6c:	0c 94 65 00 	jmp	0xca	; 0xca <__bad_interrupt>
  70:	0c 94 65 00 	jmp	0xca	; 0xca <__bad_interrupt>
  74:	0c 94 65 00 	jmp	0xca	; 0xca <__bad_interrupt>
  78:	0c 94 65 00 	jmp	0xca	; 0xca <__bad_interrupt>
  7c:	0c 94 65 00 	jmp	0xca	; 0xca <__bad_interrupt>
  80:	0c 94 65 00 	jmp	0xca	; 0xca <__bad_interrupt>
  84:	0c 94 65 00 	jmp	0xca	; 0xca <__bad_interrupt>
  88:	0c 94 65 00 	jmp	0xca	; 0xca <__bad_interrupt>

0000008c <__ctors_end>:
  8c:	11 24       	eor	r1, r1
  8e:	1f be       	out	0x3f, r1	; 63
  90:	cf ef       	ldi	r28, 0xFF	; 255
  92:	d0 e1       	ldi	r29, 0x10	; 16
  94:	de bf       	out	0x3e, r29	; 62
  96:	cd bf       	out	0x3d, r28	; 61

00000098 <__do_copy_data>:
  98:	11 e0       	ldi	r17, 0x01	; 1
  9a:	a0 e0       	ldi	r26, 0x00	; 0
  9c:	b1 e0       	ldi	r27, 0x01	; 1
  9e:	e6 e8       	ldi	r30, 0x86	; 134
  a0:	f4 e0       	ldi	r31, 0x04	; 4
  a2:	00 e0       	ldi	r16, 0x00	; 0
  a4:	0b bf       	out	0x3b, r16	; 59
  a6:	02 c0       	rjmp	.+4      	; 0xac <__do_copy_data+0x14>
  a8:	07 90       	elpm	r0, Z+
  aa:	0d 92       	st	X+, r0
  ac:	a2 31       	cpi	r26, 0x12	; 18
  ae:	b1 07       	cpc	r27, r17
  b0:	d9 f7       	brne	.-10     	; 0xa8 <__do_copy_data+0x10>

000000b2 <__do_clear_bss>:
  b2:	21 e0       	ldi	r18, 0x01	; 1
  b4:	a2 e1       	ldi	r26, 0x12	; 18
  b6:	b1 e0       	ldi	r27, 0x01	; 1
  b8:	01 c0       	rjmp	.+2      	; 0xbc <.do_clear_bss_start>

000000ba <.do_clear_bss_loop>:
  ba:	1d 92       	st	X+, r1

000000bc <.do_clear_bss_start>:
  bc:	a9 31       	cpi	r26, 0x19	; 25
  be:	b2 07       	cpc	r27, r18
  c0:	e1 f7       	brne	.-8      	; 0xba <.do_clear_bss_loop>
  c2:	0e 94 6a 01 	call	0x2d4	; 0x2d4 <main>
  c6:	0c 94 41 02 	jmp	0x482	; 0x482 <_exit>

000000ca <__bad_interrupt>:
  ca:	0c 94 00 00 	jmp	0	; 0x0 <__vectors>

000000ce <__vector_16>:
uint8_t raw_encoder_val = 0;

enum states {position0, position1, position2, position3 };

// TIMER0 overflow
ISR( TIMER0_OVF_vect ) {
  ce:	1f 92       	push	r1
  d0:	0f 92       	push	r0
  d2:	0f b6       	in	r0, 0x3f	; 63
  d4:	0f 92       	push	r0
  d6:	11 24       	eor	r1, r1
//might have to save portb in the beginning and restore it at the end to prevent flickering 


}
  d8:	0f 90       	pop	r0
  da:	0f be       	out	0x3f, r0	; 63
  dc:	0f 90       	pop	r0
  de:	1f 90       	pop	r1
  e0:	18 95       	reti

000000e2 <encoder_data>:
uint8_t a_pin, b_pin;


//encoders are active low; a_pin and b_pin assigned a new value if they are triggered
a_pin = (( en_var & 0x01 ) == 0) ? 0 : 1;
b_pin = ((en_var & 0x02 ) == 0) ? 0 : 1;
  e2:	81 fb       	bst	r24, 1
  e4:	99 27       	eor	r25, r25
  e6:	90 f9       	bld	r25, 0

// update the shift by looking at the a pin
state = (state << 1) | a_pin | 0xE0;
  e8:	40 91 17 01 	lds	r20, 0x0117	; 0x800117 <state.1947>
  ec:	50 91 18 01 	lds	r21, 0x0118	; 0x800118 <state.1947+0x1>
  f0:	44 0f       	add	r20, r20
  f2:	55 1f       	adc	r21, r21
  f4:	40 6e       	ori	r20, 0xE0	; 224
  f6:	28 2f       	mov	r18, r24
  f8:	21 70       	andi	r18, 0x01	; 1
  fa:	30 e0       	ldi	r19, 0x00	; 0
  fc:	24 2b       	or	r18, r20
  fe:	35 2b       	or	r19, r21
 100:	30 93 18 01 	sts	0x0118, r19	; 0x800118 <state.1947+0x1>
 104:	20 93 17 01 	sts	0x0117, r18	; 0x800117 <state.1947>


//return 1 for cw, return 0 for ccw
//comparing the result of a_pin to determine the direction of the rotation
	if(state == 0xF0){	
 108:	20 3f       	cpi	r18, 0xF0	; 240
 10a:	31 05       	cpc	r19, r1
 10c:	11 f4       	brne	.+4      	; 0x112 <encoder_data+0x30>
		return (b_pin) ? 1 : 0;
 10e:	89 2f       	mov	r24, r25
 110:	08 95       	ret
	}

	else{return -1;} // no movement has been made
 112:	8f ef       	ldi	r24, 0xFF	; 255

}
 114:	08 95       	ret

00000116 <pressed_bit_0>:
// function can be implemented at the same time. Expects active low pushbutton on 
// Port A  bit zero. Debounce time is determined by external loop delay times 12. 
//*******************************************************************************
uint8_t pressed_bit_0() {
  static uint16_t state = 0; //holds present state
  state = (state << 1) | (! bit_is_clear(PINA, 0)) | 0xE000;
 116:	49 b3       	in	r20, 0x19	; 25
 118:	20 91 15 01 	lds	r18, 0x0115	; 0x800115 <state.1952>
 11c:	30 91 16 01 	lds	r19, 0x0116	; 0x800116 <state.1952+0x1>
 120:	22 0f       	add	r18, r18
 122:	33 1f       	adc	r19, r19
 124:	30 6e       	ori	r19, 0xE0	; 224
 126:	84 2f       	mov	r24, r20
 128:	81 70       	andi	r24, 0x01	; 1
 12a:	90 e0       	ldi	r25, 0x00	; 0
 12c:	28 2b       	or	r18, r24
 12e:	39 2b       	or	r19, r25
 130:	30 93 16 01 	sts	0x0116, r19	; 0x800116 <state.1952+0x1>
 134:	20 93 15 01 	sts	0x0115, r18	; 0x800115 <state.1952>
 138:	81 e0       	ldi	r24, 0x01	; 1
 13a:	21 15       	cp	r18, r1
 13c:	30 4f       	sbci	r19, 0xF0	; 240
 13e:	09 f0       	breq	.+2      	; 0x142 <pressed_bit_0+0x2c>
 140:	80 e0       	ldi	r24, 0x00	; 0
  if (state == 0xF000){ 
	  return TRUE;
  }
  return FALSE;
}
 142:	08 95       	ret

00000144 <pressed_bit_1>:

//**
uint8_t pressed_bit_1() {
 static uint16_t state = 0; //holds present state
 state = (state << 1) | (! bit_is_clear(PINA, 1)) | 0xE000;
 144:	49 b3       	in	r20, 0x19	; 25
 146:	20 91 13 01 	lds	r18, 0x0113	; 0x800113 <state.1955>
 14a:	30 91 14 01 	lds	r19, 0x0114	; 0x800114 <state.1955+0x1>
 14e:	22 0f       	add	r18, r18
 150:	33 1f       	adc	r19, r19
 152:	30 6e       	ori	r19, 0xE0	; 224
 154:	41 fb       	bst	r20, 1
 156:	88 27       	eor	r24, r24
 158:	80 f9       	bld	r24, 0
 15a:	90 e0       	ldi	r25, 0x00	; 0
 15c:	28 2b       	or	r18, r24
 15e:	39 2b       	or	r19, r25
 160:	30 93 14 01 	sts	0x0114, r19	; 0x800114 <state.1955+0x1>
 164:	20 93 13 01 	sts	0x0113, r18	; 0x800113 <state.1955>
 168:	81 e0       	ldi	r24, 0x01	; 1
 16a:	21 15       	cp	r18, r1
 16c:	30 4f       	sbci	r19, 0xF0	; 240
 16e:	09 f0       	breq	.+2      	; 0x172 <pressed_bit_1+0x2e>
 170:	80 e0       	ldi	r24, 0x00	; 0
  if (state == 0xF000){ 
	return TRUE;
 }
 return FALSE;
} 
 172:	08 95       	ret

00000174 <check_buttons>:
// function can be implemented at the same time. Expects active low pushbutton on 
// Port A  bit zero. Debounce time is determined by external loop delay times 12. 
//*******************************************************************************
uint8_t pressed_bit_0() {
  static uint16_t state = 0; //holds present state
  state = (state << 1) | (! bit_is_clear(PINA, 0)) | 0xE000;
 174:	69 b3       	in	r22, 0x19	; 25
 176:	80 91 15 01 	lds	r24, 0x0115	; 0x800115 <state.1952>
 17a:	90 91 16 01 	lds	r25, 0x0116	; 0x800116 <state.1952+0x1>
 17e:	88 0f       	add	r24, r24
 180:	99 1f       	adc	r25, r25
 182:	90 6e       	ori	r25, 0xE0	; 224
 184:	26 2f       	mov	r18, r22
 186:	21 70       	andi	r18, 0x01	; 1
 188:	30 e0       	ldi	r19, 0x00	; 0
 18a:	82 2b       	or	r24, r18
 18c:	93 2b       	or	r25, r19
 18e:	90 93 16 01 	sts	0x0116, r25	; 0x800116 <state.1952+0x1>
 192:	80 93 15 01 	sts	0x0115, r24	; 0x800115 <state.1952>
  if (state == 0xF000){ 
 196:	81 15       	cp	r24, r1
 198:	90 4f       	sbci	r25, 0xF0	; 240
 19a:	b1 f0       	breq	.+44     	; 0x1c8 <check_buttons+0x54>
}

//**
uint8_t pressed_bit_1() {
 static uint16_t state = 0; //holds present state
 state = (state << 1) | (! bit_is_clear(PINA, 1)) | 0xE000;
 19c:	29 b3       	in	r18, 0x19	; 25
 19e:	80 91 13 01 	lds	r24, 0x0113	; 0x800113 <state.1955>
 1a2:	90 91 14 01 	lds	r25, 0x0114	; 0x800114 <state.1955+0x1>
 1a6:	88 0f       	add	r24, r24
 1a8:	99 1f       	adc	r25, r25
 1aa:	90 6e       	ori	r25, 0xE0	; 224
 1ac:	21 fb       	bst	r18, 1
 1ae:	44 27       	eor	r20, r20
 1b0:	40 f9       	bld	r20, 0
 1b2:	50 e0       	ldi	r21, 0x00	; 0
 1b4:	84 2b       	or	r24, r20
 1b6:	95 2b       	or	r25, r21
 1b8:	90 93 14 01 	sts	0x0114, r25	; 0x800114 <state.1955+0x1>
 1bc:	80 93 13 01 	sts	0x0113, r24	; 0x800113 <state.1955>
  if (state == 0xF000){ 
 1c0:	81 15       	cp	r24, r1
 1c2:	90 4f       	sbci	r25, 0xF0	; 240
 1c4:	19 f0       	breq	.+6      	; 0x1cc <check_buttons+0x58>
if(pressed_bit_0()){return BUTTON_ZERO;}

if(pressed_bit_1()){return BUTTON_ONE;}


}
 1c6:	08 95       	ret

//Note: BUTTON_ONE = 1 & BUTTON_ZERO = 0
//check if either bit 1 or bit 0 is pressed
uint8_t check_buttons(){

if(pressed_bit_0()){return BUTTON_ZERO;}
 1c8:	80 e0       	ldi	r24, 0x00	; 0
 1ca:	08 95       	ret

if(pressed_bit_1()){return BUTTON_ONE;}
 1cc:	81 e0       	ldi	r24, 0x01	; 1
 1ce:	08 95       	ret

000001d0 <spi_init>:
// Initialize the SPI port on the mega128. 
//
//***********************************************************************************
void spi_init(void){

SPCR |= ( (1 << MSTR) | (1 << SPE) ); //master mode, SPI enabled, clk low on idle, leading edge sample
 1d0:	8d b1       	in	r24, 0x0d	; 13
 1d2:	80 65       	ori	r24, 0x50	; 80
 1d4:	8d b9       	out	0x0d, r24	; 13
 1d6:	08 95       	ret

000001d8 <segsum>:
//                                   segment_sum                                    
//takes a 16-bit binary input value and places the appropriate equivalent 4 digit 
//BCD segment code in the array segment_data for display.                       
//array is loaded at exit as:  |digit3|digit2|colon|digit1|digit0|
//**********************************************************************************
void segsum(uint16_t sum) {
 1d8:	cf 93       	push	r28
 1da:	df 93       	push	r29
 1dc:	ac 01       	movw	r20, r24
//initialzing the local variables of the function
int digit_index = 0;
int temp = 0;
int i;

if(sum == 0){segment_data[digit_index] = dec_to_7seg[0];};
 1de:	00 97       	sbiw	r24, 0x00	; 0
 1e0:	b9 f4       	brne	.+46     	; 0x210 <segsum+0x38>
 1e2:	80 91 00 01 	lds	r24, 0x0100	; 0x800100 <__DATA_REGION_ORIGIN__>
 1e6:	80 93 0c 01 	sts	0x010C, r24	; 0x80010c <segment_data>
	        if(digit_index == 2){digit_index++;};
		segment_data[digit_index] = dec_to_7seg[temp]; //use the digit to store the hexidecimal value to seg array
		sum = sum/10; // continue to the next digit
		digit_index++; // increase the digit index
	}
	segment_data[2] = dec_to_7seg[11]; //replace the colon with a blank colon
 1ea:	80 91 0b 01 	lds	r24, 0x010B	; 0x80010b <__DATA_REGION_ORIGIN__+0xb>
 1ee:	80 93 0e 01 	sts	0x010E, r24	; 0x80010e <segment_data+0x2>
 1f2:	e0 e0       	ldi	r30, 0x00	; 0
 1f4:	f0 e0       	ldi	r31, 0x00	; 0
 1f6:	80 91 0a 01 	lds	r24, 0x010A	; 0x80010a <__DATA_REGION_ORIGIN__+0xa>
 1fa:	a2 e1       	ldi	r26, 0x12	; 18
 1fc:	b1 e0       	ldi	r27, 0x01	; 1
 1fe:	e3 5f       	subi	r30, 0xF3	; 243
 200:	fe 4f       	sbci	r31, 0xFE	; 254
	
//need to turn off the rest of the digits
	for(i = 5; i > digit_index; i--){
       		segment_data[i] = dec_to_7seg[10];	       
 202:	8e 93       	st	-X, r24
		digit_index++; // increase the digit index
	}
	segment_data[2] = dec_to_7seg[11]; //replace the colon with a blank colon
	
//need to turn off the rest of the digits
	for(i = 5; i > digit_index; i--){
 204:	ae 17       	cp	r26, r30
 206:	bf 07       	cpc	r27, r31
 208:	e1 f7       	brne	.-8      	; 0x202 <segsum+0x2a>
       		segment_data[i] = dec_to_7seg[10];	       
	}

}
 20a:	df 91       	pop	r29
 20c:	cf 91       	pop	r28
 20e:	08 95       	ret
int i;

if(sum == 0){segment_data[digit_index] = dec_to_7seg[0];};

	while(sum > 0){
		temp = sum % 10; // isolate to a single digit
 210:	9c 01       	movw	r18, r24
 212:	ad ec       	ldi	r26, 0xCD	; 205
 214:	bc ec       	ldi	r27, 0xCC	; 204
 216:	0e 94 32 02 	call	0x464	; 0x464 <__umulhisi3>
 21a:	96 95       	lsr	r25
 21c:	87 95       	ror	r24
 21e:	96 95       	lsr	r25
 220:	87 95       	ror	r24
 222:	96 95       	lsr	r25
 224:	87 95       	ror	r24
 226:	9c 01       	movw	r18, r24
 228:	22 0f       	add	r18, r18
 22a:	33 1f       	adc	r19, r19
 22c:	88 0f       	add	r24, r24
 22e:	99 1f       	adc	r25, r25
 230:	88 0f       	add	r24, r24
 232:	99 1f       	adc	r25, r25
 234:	88 0f       	add	r24, r24
 236:	99 1f       	adc	r25, r25
 238:	82 0f       	add	r24, r18
 23a:	93 1f       	adc	r25, r19
 23c:	9a 01       	movw	r18, r20
 23e:	28 1b       	sub	r18, r24
 240:	39 0b       	sbc	r19, r25
 242:	c9 01       	movw	r24, r18
 244:	e0 e0       	ldi	r30, 0x00	; 0
 246:	f0 e0       	ldi	r31, 0x00	; 0
	        if(digit_index == 2){digit_index++;};
		segment_data[digit_index] = dec_to_7seg[temp]; //use the digit to store the hexidecimal value to seg array
 248:	df 01       	movw	r26, r30
 24a:	a4 5f       	subi	r26, 0xF4	; 244
 24c:	be 4f       	sbci	r27, 0xFE	; 254
 24e:	ec 01       	movw	r28, r24
 250:	c0 50       	subi	r28, 0x00	; 0
 252:	df 4f       	sbci	r29, 0xFF	; 255
 254:	88 81       	ld	r24, Y
 256:	8c 93       	st	X, r24
		sum = sum/10; // continue to the next digit
 258:	9a 01       	movw	r18, r20
 25a:	ad ec       	ldi	r26, 0xCD	; 205
 25c:	bc ec       	ldi	r27, 0xCC	; 204
 25e:	0e 94 32 02 	call	0x464	; 0x464 <__umulhisi3>
 262:	ac 01       	movw	r20, r24
 264:	56 95       	lsr	r21
 266:	47 95       	ror	r20
 268:	56 95       	lsr	r21
 26a:	47 95       	ror	r20
 26c:	56 95       	lsr	r21
 26e:	47 95       	ror	r20
		digit_index++; // increase the digit index
 270:	31 96       	adiw	r30, 0x01	; 1
int temp = 0;
int i;

if(sum == 0){segment_data[digit_index] = dec_to_7seg[0];};

	while(sum > 0){
 272:	41 15       	cp	r20, r1
 274:	51 05       	cpc	r21, r1
 276:	01 f1       	breq	.+64     	; 0x2b8 <segsum+0xe0>
		temp = sum % 10; // isolate to a single digit
 278:	9a 01       	movw	r18, r20
 27a:	ad ec       	ldi	r26, 0xCD	; 205
 27c:	bc ec       	ldi	r27, 0xCC	; 204
 27e:	0e 94 32 02 	call	0x464	; 0x464 <__umulhisi3>
 282:	96 95       	lsr	r25
 284:	87 95       	ror	r24
 286:	96 95       	lsr	r25
 288:	87 95       	ror	r24
 28a:	96 95       	lsr	r25
 28c:	87 95       	ror	r24
 28e:	9c 01       	movw	r18, r24
 290:	22 0f       	add	r18, r18
 292:	33 1f       	adc	r19, r19
 294:	88 0f       	add	r24, r24
 296:	99 1f       	adc	r25, r25
 298:	88 0f       	add	r24, r24
 29a:	99 1f       	adc	r25, r25
 29c:	88 0f       	add	r24, r24
 29e:	99 1f       	adc	r25, r25
 2a0:	82 0f       	add	r24, r18
 2a2:	93 1f       	adc	r25, r19
 2a4:	9a 01       	movw	r18, r20
 2a6:	28 1b       	sub	r18, r24
 2a8:	39 0b       	sbc	r19, r25
 2aa:	c9 01       	movw	r24, r18
	        if(digit_index == 2){digit_index++;};
 2ac:	e2 30       	cpi	r30, 0x02	; 2
 2ae:	f1 05       	cpc	r31, r1
 2b0:	59 f6       	brne	.-106    	; 0x248 <segsum+0x70>
 2b2:	e3 e0       	ldi	r30, 0x03	; 3
 2b4:	f0 e0       	ldi	r31, 0x00	; 0
 2b6:	c8 cf       	rjmp	.-112    	; 0x248 <segsum+0x70>
		segment_data[digit_index] = dec_to_7seg[temp]; //use the digit to store the hexidecimal value to seg array
		sum = sum/10; // continue to the next digit
		digit_index++; // increase the digit index
	}
	segment_data[2] = dec_to_7seg[11]; //replace the colon with a blank colon
 2b8:	80 91 0b 01 	lds	r24, 0x010B	; 0x80010b <__DATA_REGION_ORIGIN__+0xb>
 2bc:	80 93 0e 01 	sts	0x010E, r24	; 0x80010e <segment_data+0x2>
	
//need to turn off the rest of the digits
	for(i = 5; i > digit_index; i--){
 2c0:	e5 30       	cpi	r30, 0x05	; 5
 2c2:	f1 05       	cpc	r31, r1
 2c4:	0c f4       	brge	.+2      	; 0x2c8 <segsum+0xf0>
 2c6:	97 cf       	rjmp	.-210    	; 0x1f6 <segsum+0x1e>
       		segment_data[i] = dec_to_7seg[10];	       
	}

}
 2c8:	df 91       	pop	r29
 2ca:	cf 91       	pop	r28
 2cc:	08 95       	ret

000002ce <bar_send_out>:
//***********************************************************************************


//*************
//
void bar_send_out(uint8_t data){
 2ce:	08 95       	ret

000002d0 <bar_bit_0>:
//
//takes switch on LED for bit_0 being pressed
void bar_bit_0(){
  
	int display_one = 1;
	PORTD |= (1 << PD2); 
 2d0:	92 9a       	sbi	0x12, 2	; 18
 2d2:	08 95       	ret

000002d4 <main>:

//***********************************************************************************
uint8_t main()
{
//set port bits 4-7 B as outputs
DDRB |= 0xF0; // set PORTB 4-7 bits as outputs
 2d4:	87 b3       	in	r24, 0x17	; 23
 2d6:	80 6f       	ori	r24, 0xF0	; 240
 2d8:	87 bb       	out	0x17, r24	; 23
DDRA = 0x03; // set PORTA 6-7 bits as inputs
 2da:	83 e0       	ldi	r24, 0x03	; 3
 2dc:	8a bb       	out	0x1a, r24	; 26
DDRD = (1 << PD2); // set PD2 as output
 2de:	84 e0       	ldi	r24, 0x04	; 4
 2e0:	81 bb       	out	0x11, r24	; 17
DDRB |= ( (1 << PB2) | ( 1<< PB1) | (1<<PB0) ); //mosi and serial clock
 2e2:	87 b3       	in	r24, 0x17	; 23
 2e4:	87 60       	ori	r24, 0x07	; 7
 2e6:	87 bb       	out	0x17, r24	; 23
DDRE = 0xFF;
 2e8:	8f ef       	ldi	r24, 0xFF	; 255
 2ea:	82 b9       	out	0x02, r24	; 2
//initializing SPI on mega128
SPCR |= ( (1 << MSTR) | (1 << SPE) ); //master mode, SPI enabled, clk low on idle, leading edge sample
 2ec:	8d b1       	in	r24, 0x0d	; 13
 2ee:	80 65       	ori	r24, 0x50	; 80
 2f0:	8d b9       	out	0x0d, r24	; 13

//SPSR = (1 << SPI2X);
//initializing timer/counter0 (TCNT0) 
TIMSK |= (1<<TOIE0);	//enable interrupts
 2f2:	87 b7       	in	r24, 0x37	; 55
 2f4:	81 60       	ori	r24, 0x01	; 1
 2f6:	87 bf       	out	0x37, r24	; 55
TCCR0 |= (1 <<CS02) | (1<<CS00); //normal mode, prescale by 128
 2f8:	83 b7       	in	r24, 0x33	; 51
 2fa:	85 60       	ori	r24, 0x05	; 5
 2fc:	83 bf       	out	0x33, r24	; 51

//start at position 1
enum states state = position0;//default state
int test = 0;
int inc = 0;
int dec = 0;
 2fe:	e1 2c       	mov	r14, r1
 300:	f1 2c       	mov	r15, r1
//uint8_t raw_encoder; //raw encoder value

//start at position 1
enum states state = position0;//default state
int test = 0;
int inc = 0;
 302:	00 e0       	ldi	r16, 0x00	; 0
 304:	10 e0       	ldi	r17, 0x00	; 0

uint8_t junk_data = 0x21; //to start input from the SPI
//uint8_t raw_encoder; //raw encoder value

//start at position 1
enum states state = position0;//default state
 306:	c1 2c       	mov	r12, r1
 308:	d1 2c       	mov	r13, r1
//initializing timer/counter0 (TCNT0) 
TIMSK |= (1<<TOIE0);	//enable interrupts
TCCR0 |= (1 <<CS02) | (1<<CS00); //normal mode, prescale by 128

//initialzing the count for led display
int count = 0;
 30a:	c0 e0       	ldi	r28, 0x00	; 0
 30c:	d0 e0       	ldi	r29, 0x00	; 0

while(1){
//insert loop delay for debounc_delay_ms(5);
//_delay_ms(1);

PORTA = 0xFF;  //make PORTA an input port with pullups 
 30e:	bb 24       	eor	r11, r11
 310:	ba 94       	dec	r11
//******************** NEW CODE

PORTE &= ~(1 << PE6);
PORTE |= (1 << PE6);

SPDR = junk_data;
 312:	61 e2       	ldi	r22, 0x21	; 33
 314:	96 2e       	mov	r9, r22
//send to SPI and output an LED to turn on that a button is pressed
// change the encoder to increase by two
	
	
//disable tristate buffer for pushbutton switches
 PORTB = 0x70;
 316:	70 e7       	ldi	r23, 0x70	; 112
 318:	a7 2e       	mov	r10, r23

while(1){
//insert loop delay for debounc_delay_ms(5);
//_delay_ms(1);

PORTA = 0xFF;  //make PORTA an input port with pullups 
 31a:	bb ba       	out	0x1b, r11	; 27
	#else
		//round up by default
		__ticks_dc = (uint32_t)(ceil(fabs(__tmp)));
	#endif

	__builtin_avr_delay_cycles(__ticks_dc);
 31c:	8f e8       	ldi	r24, 0x8F	; 143
 31e:	91 e0       	ldi	r25, 0x01	; 1
 320:	01 97       	sbiw	r24, 0x01	; 1
 322:	f1 f7       	brne	.-4      	; 0x320 <main+0x4c>
 324:	00 c0       	rjmp	.+0      	; 0x326 <main+0x52>
 326:	00 00       	nop
//PORTB = 0x50;  //enable tristate buffer for pushbutton switches

_delay_ms(.1); 
//******************** NEW CODE

PORTE &= ~(1 << PE6);
 328:	1e 98       	cbi	0x03, 6	; 3
PORTE |= (1 << PE6);
 32a:	1e 9a       	sbi	0x03, 6	; 3

SPDR = junk_data;
 32c:	9f b8       	out	0x0f, r9	; 15

while(bit_is_clear(SPSR,SPIF)){} // read data in
 32e:	77 9b       	sbis	0x0e, 7	; 14
 330:	fe cf       	rjmp	.-4      	; 0x32e <main+0x5a>

raw_encoder_val = SPDR;//save the data
 332:	8f b1       	in	r24, 0x0f	; 15
 334:	80 93 12 01 	sts	0x0112, r24	; 0x800112 <__data_end>
 338:	98 2f       	mov	r25, r24
 33a:	91 70       	andi	r25, 0x01	; 1
 33c:	82 70       	andi	r24, 0x02	; 2
b_pin_LE = ((raw_encoder_val & 0x02) ==0) ? 0:1;

//int sum = 0;

//state machine
switch(state){
 33e:	a2 e0       	ldi	r26, 0x02	; 2
 340:	ca 16       	cp	r12, r26
 342:	d1 04       	cpc	r13, r1
 344:	c9 f1       	breq	.+114    	; 0x3b8 <main+0xe4>
 346:	b3 e0       	ldi	r27, 0x03	; 3
 348:	cb 16       	cp	r12, r27
 34a:	d1 04       	cpc	r13, r1
 34c:	09 f4       	brne	.+2      	; 0x350 <main+0x7c>
 34e:	3e c0       	rjmp	.+124    	; 0x3cc <main+0xf8>
 350:	ca 94       	dec	r12
 352:	cd 28       	or	r12, r13
 354:	09 f4       	brne	.+2      	; 0x358 <main+0x84>
 356:	4b c0       	rjmp	.+150    	; 0x3ee <main+0x11a>
	//when A and B are high
     	case position0:{
//	if(inc > 4){inc = 1;}
		 if( (a_pin_LE != 1) || (b_pin_LE != 1) ){
 358:	91 11       	cpse	r25, r1
 35a:	72 c0       	rjmp	.+228    	; 0x440 <__LOCK_REGION_LENGTH__+0x40>
				inc = 3;
				dec++;
				state = position1;
				break;
			}	
			else if( (a_pin_LE == 0) && (b_pin_LE == 1) ){
 35c:	88 23       	and	r24, r24
 35e:	09 f4       	brne	.+2      	; 0x362 <main+0x8e>
 360:	4a c0       	rjmp	.+148    	; 0x3f6 <main+0x122>
			//	if(inc == 4){inc =0;}
				inc++;
 362:	0f 5f       	subi	r16, 0xFF	; 255
 364:	1f 4f       	sbci	r17, 0xFF	; 255
				state = position2;
 366:	42 e0       	ldi	r20, 0x02	; 2
 368:	c4 2e       	mov	r12, r20
 36a:	d1 2c       	mov	r13, r1

*/



if(inc == 4){
 36c:	04 30       	cpi	r16, 0x04	; 4
 36e:	11 05       	cpc	r17, r1
 370:	09 f4       	brne	.+2      	; 0x374 <main+0xa0>
//sum= 0;
	count++;
 372:	21 96       	adiw	r28, 0x01	; 1
//send to SPI and output an LED to turn on that a button is pressed
// change the encoder to increase by two
	
	
//disable tristate buffer for pushbutton switches
 PORTB = 0x70;
 374:	a8 ba       	out	0x18, r10	; 24

  //bound the count to 0 - 1023
  if (count > 1023){
 376:	c1 15       	cp	r28, r1
 378:	24 e0       	ldi	r18, 0x04	; 4
 37a:	d2 07       	cpc	r29, r18
 37c:	c4 f4       	brge	.+48     	; 0x3ae <main+0xda>
 37e:	ce 01       	movw	r24, r28
if( count < 0){
	count = 1023;
	}
//count = 100;
  //break up the disp_value to 4, BCD digits in the array: call (segsum)
 segsum(count); // send the current count to LED Display
 380:	0e 94 ec 00 	call	0x1d8	; 0x1d8 <segsum>



 //DIGIT SHIFTS
 //bound a counter (0-4) to keep track of digit to display ;
PORTB = 0x00;
 384:	18 ba       	out	0x18, r1	; 24
 386:	ec e0       	ldi	r30, 0x0C	; 12
 388:	f1 e0       	ldi	r31, 0x01	; 1
 38a:	80 e0       	ldi	r24, 0x00	; 0
 // put it in a for loop
int index;
for(index = 0; index < 5; index++){
	PORTB = index << 4; // within 4 digits for the hex value
 38c:	98 2f       	mov	r25, r24
 38e:	92 95       	swap	r25
 390:	90 7f       	andi	r25, 0xF0	; 240
 392:	98 bb       	out	0x18, r25	; 24
	PORTA = segment_data[index]; //send 7 segment code to LED segments
 394:	91 91       	ld	r25, Z+
 396:	9b bb       	out	0x1b, r25	; 27
 398:	af e8       	ldi	r26, 0x8F	; 143
 39a:	b1 e0       	ldi	r27, 0x01	; 1
 39c:	11 97       	sbiw	r26, 0x01	; 1
 39e:	f1 f7       	brne	.-4      	; 0x39c <main+0xc8>
 3a0:	00 c0       	rjmp	.+0      	; 0x3a2 <main+0xce>
 3a2:	00 00       	nop
 3a4:	8f 5f       	subi	r24, 0xFF	; 255
 //DIGIT SHIFTS
 //bound a counter (0-4) to keep track of digit to display ;
PORTB = 0x00;
 // put it in a for loop
int index;
for(index = 0; index < 5; index++){
 3a6:	85 30       	cpi	r24, 0x05	; 5
 3a8:	89 f7       	brne	.-30     	; 0x38c <main+0xb8>
	PORTB = index << 4; // within 4 digits for the hex value
	PORTA = segment_data[index]; //send 7 segment code to LED segments
	_delay_ms(.1); // add delay
}
//make PORTA an output
DDRA = 0xFF;  
 3aa:	ba ba       	out	0x1a, r11	; 26





}//while
 3ac:	b6 cf       	rjmp	.-148    	; 0x31a <main+0x46>
 3ae:	80 e0       	ldi	r24, 0x00	; 0
 3b0:	90 e0       	ldi	r25, 0x00	; 0
//disable tristate buffer for pushbutton switches
 PORTB = 0x70;

  //bound the count to 0 - 1023
  if (count > 1023){
	  count = 0;
 3b2:	c0 e0       	ldi	r28, 0x00	; 0
 3b4:	d0 e0       	ldi	r29, 0x00	; 0
 3b6:	e4 cf       	rjmp	.-56     	; 0x380 <main+0xac>
		  	break;
		}	     			
	}
	//When A is low and B is high
	case position2:{
		if( (a_pin_LE == 1) && (b_pin_LE == 1) ){
 3b8:	91 11       	cpse	r25, r1
 3ba:	31 c0       	rjmp	.+98     	; 0x41e <__LOCK_REGION_LENGTH__+0x1e>
			inc = 0; //might have to do nothing maybe
			//dec = 0;
			state = position0;
			break;
		}
		else if( (a_pin_LE == 0) && (b_pin_LE == 0) ){
 3bc:	81 11       	cpse	r24, r1
 3be:	0a c0       	rjmp	.+20     	; 0x3d4 <main+0x100>
			inc++;
 3c0:	0f 5f       	subi	r16, 0xFF	; 255
 3c2:	1f 4f       	sbci	r17, 0xFF	; 255
			state = position3;
 3c4:	23 e0       	ldi	r18, 0x03	; 3
 3c6:	c2 2e       	mov	r12, r18
 3c8:	d1 2c       	mov	r13, r1
			break;
 3ca:	d0 cf       	rjmp	.-96     	; 0x36c <main+0x98>
		}
	}
	//when both pins are low
	case position3:{
		if( (a_pin_LE == 1) && (b_pin_LE == 0)){
 3cc:	91 11       	cpse	r25, r1
 3ce:	2e c0       	rjmp	.+92     	; 0x42c <__LOCK_REGION_LENGTH__+0x2c>
				inc = 0;
				state = position0;
				break;
			}
		}
		else if( (a_pin_LE == 0) && (b_pin_LE == 1 ) ){
 3d0:	88 23       	and	r24, r24
 3d2:	61 f2       	breq	.-104    	; 0x36c <main+0x98>
			dec++;
 3d4:	af ef       	ldi	r26, 0xFF	; 255
 3d6:	ea 1a       	sub	r14, r26
 3d8:	fa 0a       	sbc	r15, r26
			inc = 1; //changed
		//	inc++;
			if(dec >= 2){
 3da:	b1 e0       	ldi	r27, 0x01	; 1
 3dc:	eb 16       	cp	r14, r27
 3de:	f1 04       	cpc	r15, r1
 3e0:	d1 f1       	breq	.+116    	; 0x456 <__LOCK_REGION_LENGTH__+0x56>
				break;
			}
		}
		else if( (a_pin_LE == 0) && (b_pin_LE == 1 ) ){
			dec++;
			inc = 1; //changed
 3e2:	01 e0       	ldi	r16, 0x01	; 1
 3e4:	10 e0       	ldi	r17, 0x00	; 0
		//	inc++;
			if(dec >= 2){
			//	sum++;
				state = position2; 
 3e6:	92 e0       	ldi	r25, 0x02	; 2
 3e8:	c9 2e       	mov	r12, r25
 3ea:	d1 2c       	mov	r13, r1
 3ec:	c3 cf       	rjmp	.-122    	; 0x374 <main+0xa0>
		//	break;}
		      		       
	}
	//when A is high and B is low
	case position1:{
		if( (a_pin_LE == 1) && ( b_pin_LE == 1) ){
 3ee:	91 11       	cpse	r25, r1
 3f0:	0b c0       	rjmp	.+22     	; 0x408 <__LOCK_REGION_LENGTH__+0x8>
			inc++;
	//	   	sum++;
			state = position0;
		   	break;
		}
		else if( (a_pin_LE == 0) && (b_pin_LE ==0) ){
 3f2:	81 11       	cpse	r24, r1
 3f4:	ef cf       	rjmp	.-34     	; 0x3d4 <main+0x100>
	//	  	inc++;
			inc = 2; //cant go backwards in middle of rotation
			dec++;
 3f6:	9f ef       	ldi	r25, 0xFF	; 255
 3f8:	e9 1a       	sub	r14, r25
 3fa:	f9 0a       	sbc	r15, r25
			state = position0;
		   	break;
		}
		else if( (a_pin_LE == 0) && (b_pin_LE ==0) ){
	//	  	inc++;
			inc = 2; //cant go backwards in middle of rotation
 3fc:	02 e0       	ldi	r16, 0x02	; 2
 3fe:	10 e0       	ldi	r17, 0x00	; 0
			dec++;
			state = position3;
 400:	33 e0       	ldi	r19, 0x03	; 3
 402:	c3 2e       	mov	r12, r19
 404:	d1 2c       	mov	r13, r1
		  	break;
 406:	b6 cf       	rjmp	.-148    	; 0x374 <main+0xa0>
		//	break;}
		      		       
	}
	//when A is high and B is low
	case position1:{
		if( (a_pin_LE == 1) && ( b_pin_LE == 1) ){
 408:	81 11       	cpse	r24, r1
 40a:	13 c0       	rjmp	.+38     	; 0x432 <__LOCK_REGION_LENGTH__+0x32>
		}
	}
	//when both pins are low
	case position3:{
		if( (a_pin_LE == 1) && (b_pin_LE == 0)){
			inc++;
 40c:	0f 5f       	subi	r16, 0xFF	; 255
 40e:	1f 4f       	sbci	r17, 0xFF	; 255
		//	state = position1;
			
			if(inc >= 2){
 410:	01 30       	cpi	r16, 0x01	; 1
 412:	11 05       	cpc	r17, r1
 414:	31 f0       	breq	.+12     	; 0x422 <__LOCK_REGION_LENGTH__+0x22>
				state = position1;
 416:	cc 24       	eor	r12, r12
 418:	c3 94       	inc	r12
 41a:	d1 2c       	mov	r13, r1
 41c:	a7 cf       	rjmp	.-178    	; 0x36c <main+0x98>
		  	break;
		}	     			
	}
	//When A is low and B is high
	case position2:{
		if( (a_pin_LE == 1) && (b_pin_LE == 1) ){
 41e:	88 23       	and	r24, r24
 420:	a9 f3       	breq	.-22     	; 0x40c <__LOCK_REGION_LENGTH__+0xc>
	//		sum++;
			inc = 0; //might have to do nothing maybe
 422:	00 e0       	ldi	r16, 0x00	; 0
 424:	10 e0       	ldi	r17, 0x00	; 0
			//dec = 0;
			state = position0;
 426:	c1 2c       	mov	r12, r1
 428:	d1 2c       	mov	r13, r1
 42a:	a4 cf       	rjmp	.-184    	; 0x374 <main+0xa0>
			break;
		}
	}
	//when both pins are low
	case position3:{
		if( (a_pin_LE == 1) && (b_pin_LE == 0)){
 42c:	81 11       	cpse	r24, r1
 42e:	9e cf       	rjmp	.-196    	; 0x36c <main+0x98>
 430:	ed cf       	rjmp	.-38     	; 0x40c <__LOCK_REGION_LENGTH__+0xc>
	//when A is high and B is low
	case position1:{
		if( (a_pin_LE == 1) && ( b_pin_LE == 1) ){
			dec = 0;
	//		inc = 0;
			inc++;
 432:	0f 5f       	subi	r16, 0xFF	; 255
 434:	1f 4f       	sbci	r17, 0xFF	; 255
		      		       
	}
	//when A is high and B is low
	case position1:{
		if( (a_pin_LE == 1) && ( b_pin_LE == 1) ){
			dec = 0;
 436:	e1 2c       	mov	r14, r1
 438:	f1 2c       	mov	r15, r1
	//		inc = 0;
			inc++;
	//	   	sum++;
			state = position0;
 43a:	c1 2c       	mov	r12, r1
 43c:	d1 2c       	mov	r13, r1
		   	break;
 43e:	96 cf       	rjmp	.-212    	; 0x36c <main+0x98>
switch(state){
	//when A and B are high
     	case position0:{
//	if(inc > 4){inc = 1;}
		 if( (a_pin_LE != 1) || (b_pin_LE != 1) ){
			if( (a_pin_LE == 1) && (b_pin_LE == 0) ) {
 440:	81 11       	cpse	r24, r1
 442:	f7 cf       	rjmp	.-18     	; 0x432 <__LOCK_REGION_LENGTH__+0x32>
		//		inc++;
				inc = 3;
				dec++;
 444:	8f ef       	ldi	r24, 0xFF	; 255
 446:	e8 1a       	sub	r14, r24
 448:	f8 0a       	sbc	r15, r24
     	case position0:{
//	if(inc > 4){inc = 1;}
		 if( (a_pin_LE != 1) || (b_pin_LE != 1) ){
			if( (a_pin_LE == 1) && (b_pin_LE == 0) ) {
		//		inc++;
				inc = 3;
 44a:	03 e0       	ldi	r16, 0x03	; 3
 44c:	10 e0       	ldi	r17, 0x00	; 0
				dec++;
				state = position1;
 44e:	cc 24       	eor	r12, r12
 450:	c3 94       	inc	r12
 452:	d1 2c       	mov	r13, r1
				break;
 454:	8f cf       	rjmp	.-226    	; 0x374 <main+0xa0>
				state = position2; 
				break;
			}
			else{
			//	inc = 0;
				dec = 0;
 456:	e1 2c       	mov	r14, r1
 458:	f1 2c       	mov	r15, r1
				break;
			}
		}
		else if( (a_pin_LE == 0) && (b_pin_LE == 1 ) ){
			dec++;
			inc = 1; //changed
 45a:	01 e0       	ldi	r16, 0x01	; 1
 45c:	10 e0       	ldi	r17, 0x00	; 0
				break;
			}
			else{
			//	inc = 0;
				dec = 0;
				state = position0;
 45e:	c1 2c       	mov	r12, r1
 460:	d1 2c       	mov	r13, r1
 462:	88 cf       	rjmp	.-240    	; 0x374 <main+0xa0>

00000464 <__umulhisi3>:
 464:	a2 9f       	mul	r26, r18
 466:	b0 01       	movw	r22, r0
 468:	b3 9f       	mul	r27, r19
 46a:	c0 01       	movw	r24, r0
 46c:	a3 9f       	mul	r26, r19
 46e:	70 0d       	add	r23, r0
 470:	81 1d       	adc	r24, r1
 472:	11 24       	eor	r1, r1
 474:	91 1d       	adc	r25, r1
 476:	b2 9f       	mul	r27, r18
 478:	70 0d       	add	r23, r0
 47a:	81 1d       	adc	r24, r1
 47c:	11 24       	eor	r1, r1
 47e:	91 1d       	adc	r25, r1
 480:	08 95       	ret

00000482 <_exit>:
 482:	f8 94       	cli

00000484 <__stop_program>:
 484:	ff cf       	rjmp	.-2      	; 0x484 <__stop_program>
